2025-08-09 10:29:50 INFO  Utils:112 - [TestNG] Running:
  C:\Users\pradi\eclipse-workspace\Ecommerce\docker_gride.xml

2025-08-09 10:29:51 ERROR TC_001_AccountRegistrationTest:43 - test failed
2025-08-09 10:30:24 INFO  Utils:112 - [TestNG] Running:
  C:\Users\pradi\eclipse-workspace\Ecommerce\docker_gride.xml

2025-08-09 10:30:25 ERROR TC_001_AccountRegistrationTest:43 - test failed
2025-08-09 10:36:15 INFO  Utils:112 - [TestNG] Running:
  C:\Users\pradi\eclipse-workspace\Ecommerce\docker_gride.xml

2025-08-09 10:36:16 ERROR TC_001_AccountRegistrationTest:43 - test failed
2025-08-09 10:38:17 INFO  Utils:112 - [TestNG] Running:
  C:\Users\pradi\eclipse-workspace\Ecommerce\testng.xml

2025-08-09 10:38:36 INFO  Utils:112 - [TestNG] Running:
  C:\Users\pradi\eclipse-workspace\Ecommerce\testng.xml

2025-08-09 10:39:27 INFO  Utils:112 - [TestNG] Running:
  C:\Users\pradi\eclipse-workspace\Ecommerce\testng.xml

2025-08-09 10:40:53 INFO  Utils:112 - [TestNG] Running:
  C:\Users\pradi\eclipse-workspace\Ecommerce\grouping.xml

2025-08-09 10:43:54 INFO  Utils:112 - [TestNG] Running:
  C:\Users\pradi\eclipse-workspace\Ecommerce\grouping.xml

2025-08-09 10:44:17 INFO  Utils:112 - [TestNG] Running:
  C:\Users\pradi\eclipse-workspace\Ecommerce\docker_gride.xml

2025-08-09 10:44:18 ERROR TC_001_AccountRegistrationTest:43 - test failed
2025-08-09 10:48:20 INFO  Utils:112 - [TestNG] Running:
  C:\Users\pradi\eclipse-workspace\Ecommerce\testng.xml

2025-08-09 10:48:48 INFO  Utils:112 - [TestNG] Running:
  C:\Users\pradi\eclipse-workspace\Ecommerce\parallelcrossbrowser.xml

2025-08-09 10:57:15 INFO  Utils:112 - [TestNG] Running:
  C:\Users\pradi\eclipse-workspace\Ecommerce\testng.xml

2025-08-09 10:58:08 INFO  Utils:112 - [TestNG] Running:
  C:\Users\pradi\eclipse-workspace\Ecommerce\parallelcrossbrowser.xml

2025-08-09 10:58:26 INFO  Utils:112 - [TestNG] Running:
  C:\Users\pradi\eclipse-workspace\Ecommerce\grouping.xml

2025-08-09 11:07:45 INFO  Utils:112 - [TestNG] Running:
  C:\Users\pradi\eclipse-workspace\Ecommerce\grouping.xml

2025-08-09 11:09:47 INFO  Utils:112 - [TestNG] Running:
  C:\Users\pradi\eclipse-workspace\Ecommerce\grouping.xml

2025-08-09 11:09:59 INFO  Utils:112 - [TestNG] Running:
  C:\Users\pradi\eclipse-workspace\Ecommerce\testng.xml

